<?xml version="1.0" encoding="UTF-8"?>
<testng-results ignored="0" total="1" passed="1" failed="0" skipped="0">
  <reporter-output>
  </reporter-output>
  <suite started-at="2023-12-21T15:30:01 IST" name="Default suite" finished-at="2023-12-21T15:30:45 IST" duration-ms="44114">
    <groups>
    </groups>
    <test started-at="2023-12-21T15:30:01 IST" name="Default test" finished-at="2023-12-21T15:30:45 IST" duration-ms="44114">
      <class name="travel.Titileverification">
        <test-method is-config="true" signature="load()[pri:0, instance:travel.Titileverification@31fa1761]" started-at="2023-12-21T15:30:01 IST" name="load" finished-at="2023-12-21T15:30:44 IST" duration-ms="43497" status="PASS">
          <reporter-output>
          </reporter-output>
        </test-method> <!-- load -->
        <test-method signature="newtest()[pri:0, instance:travel.Titileverification@31fa1761]" started-at="2023-12-21T15:30:45 IST" name="newtest" finished-at="2023-12-21T15:30:45 IST" duration-ms="29" status="PASS">
          <reporter-output>
          </reporter-output>
        </test-method> <!-- newtest -->
        <test-method is-config="true" signature="last()[pri:0, instance:travel.Titileverification@31fa1761]" started-at="2023-12-21T15:30:45 IST" name="last" finished-at="2023-12-21T15:30:45 IST" duration-ms="535" status="PASS">
          <reporter-output>
          </reporter-output>
        </test-method> <!-- last -->
      </class> <!-- travel.Titileverification -->
    </test> <!-- Default test -->
  </suite> <!-- Default suite -->
</testng-results>
